[orch] batch/20260413T194324: starting batch planning
[orch] batch/20260413T194324: created orch branch (orchBranch=orch/purplelephan-20260413T194324 baseBranch=main)
[orch] state/20260413T194324: persisted: batch-start (phase=executing waveIndex=-1)
[orch] batch/20260413T194324: Runtime V2 backend selected
[orch] state/20260413T194324: persisted: wave-index-change (phase=executing waveIndex=0)
[orch] wave/W1: starting wave execution (tasks=4 policy=skip-dependents batchId=20260413T194324)
[orch] wave/W1: task TP-003 has uncommitted files, staging (folder=taskplane-tasks/TP-003-persist-cache status=?? taskplane-tasks/TP-003-persist-cache/)
[orch] wave/W1: task TP-005 has uncommitted files, staging (folder=taskplane-tasks/TP-005-cost-tracking status=?? taskplane-tasks/TP-005-cost-tracking/)
[orch] wave/W1: task TP-002 has uncommitted files, staging (folder=taskplane-tasks/TP-002-fix-parse-model status=?? taskplane-tasks/TP-002-fix-parse-model/)
[orch] wave/W1: task TP-004 has uncommitted files, staging (folder=taskplane-tasks/TP-004-deduplicate-get-model-order status=?? taskplane-tasks/TP-004-deduplicate-get-model-order/)
[orch] wave/W1: committed 4 task folder(s) directly on orch branch (orchBranch=orch/purplelephan-20260413T194324 folders=taskplane-tasks/TP-003-persist-cache,taskplane-tasks/TP-005-cost-tracking,taskplane-tasks/TP-002-fix-parse-model,taskplane-tasks/TP-004-deduplicate-get-model-order from=fb5ceff3 to=d5f1fda7)
[orch] state/20260413T194324: persisted: segment-start (phase=executing waveIndex=0)
[orch] wave/W1: lanes allocated (laneCount=3 totalTasks=4)
[orch] wave/W1: using Runtime V2 backend (executeLaneV2)
[orch] lane-1/LANE: starting Runtime V2 execution of 1 task(s) (worktree=/Users/purplelephant/projects/pi-fallback-router/.worktrees/purplelephan-20260413T194324/lane-1 agentPrefix=orch-purplelephan)
[orch] lane-2/LANE: starting Runtime V2 execution of 1 task(s) (worktree=/Users/purplelephant/projects/pi-fallback-router/.worktrees/purplelephan-20260413T194324/lane-2 agentPrefix=orch-purplelephan)
[orch] lane-3/LANE: starting Runtime V2 execution of 2 task(s) (worktree=/Users/purplelephant/projects/pi-fallback-router/.worktrees/purplelephan-20260413T194324/lane-3 agentPrefix=orch-purplelephan)
[orch] monitor/ALL: starting monitoring for 3 lane(s), 4 task(s) (pollIntervalMs=5000 stallTimeoutMin=60)
[orch] lane-1/TP-003: committed task artifacts to lane branch (commit=[task/purplelephan-lane-1-20260413T194324 4ec8494] checkpoint: TP-003 task artifacts (.DONE, STATUS.md))
[orch] lane-2/TP-005: committed task artifacts to lane branch (commit=[task/purplelephan-lane-2-20260413T194324 9492a51] checkpoint: TP-005 task artifacts (.DONE, STATUS.md))
[orch] lane-3/TP-002: committed task artifacts to lane branch (commit=[task/purplelephan-lane-3-20260413T194324 0158872] checkpoint: TP-002 task artifacts (.DONE, STATUS.md))
[orch] lane-3/TP-004: committed task artifacts to lane branch (commit=[task/purplelephan-lane-3-20260413T194324 4573c72] checkpoint: TP-004 task artifacts (.DONE, STATUS.md))
(node:64579) [DEP0190] DeprecationWarning: Passing args to a child process with shell option true can lead to security vulnerabilities, as the arguments are not escaped, only concatenated.
(Use `node --trace-deprecation ...` to show where the warning was created)
[orch] state/20260413T194324: persisted: task-transition (phase=executing waveIndex=0)
[orch] monitor/ALL: poll #1: 4/4 done, 0 failed, 0 active lane(s)
[orch] monitor/ALL: all lanes terminal — monitoring complete (done=4 failed=0 total=4 polls=1)
[orch] wave/W1: wave execution complete: succeeded (succeeded=4 failed=0 skipped=0 blocked=0 elapsed=1s stoppedEarly=false)
[orch] state/20260413T194324: persisted: wave-execution-complete (phase=executing waveIndex=0)
[orch] state/20260413T194324: persisted: merge-start (phase=merging waveIndex=0)
[orch] merge-health/monitor: merge health monitor started (sessionCount=0 pollIntervalMs=120000)
[orch] merge/W1: merging across 1 repo group(s) (repos=(default) totalLanes=3)
[orch] merge/W1: merging 3 lane(s) (order=fewest-files-first lanes=1,2,3 skippedArtifactLanes=undefined)
[orch] merge/W1: merge worktree created (worktree=/Users/purplelephant/projects/pi-fallback-router/.worktrees/purplelephan-20260413T194324/merge tempBranch=_merge-temp-purplelephan-20260413T194324)
[orch] merge/orch-purplelephan-merge-1: starting merge for lane 1 (sourceBranch=task/purplelephan-lane-1-20260413T194324 targetBranch=orch/purplelephan-20260413T194324 baseHEAD=d5f1fda7 laneHEAD=4ec8494d)
[orch] merge/orch-purplelephan-merge-1: spawning merge agent via Runtime V2 (direct agent-host) (mergeWorkDir=/Users/purplelephant/projects/pi-fallback-router/.worktrees/purplelephan-20260413T194324/merge mergeRequestPath=/Users/purplelephant/projects/pi-fallback-router/.pi/merge-request-w1-lane1-purplelephan-20260413T194324.txt)
[orch] merge/orch-purplelephan-merge-1: waiting for merge result (resultPath=/Users/purplelephant/projects/pi-fallback-router/.pi/merge-result-w1-lane1-purplelephan-20260413T194324.json timeoutMs=5400000 backend=v2)
[orch] merge/orch-purplelephan-merge-1: merge result received (status=SUCCESS elapsed=22010)
[orch] merge/orch-purplelephan-merge-1: merge succeeded (mergeCommit=4ec8494 duration=22s)
[orch] merge/W1: transaction record persisted (file=txn-b20260413T194324-repo-default-wave-1-lane-1.json status=committed)
[orch] merge/orch-purplelephan-merge-2: starting merge for lane 2 (sourceBranch=task/purplelephan-lane-2-20260413T194324 targetBranch=orch/purplelephan-20260413T194324 baseHEAD=4ec8494d laneHEAD=9492a511)
[orch] merge/orch-purplelephan-merge-2: spawning merge agent via Runtime V2 (direct agent-host) (mergeWorkDir=/Users/purplelephant/projects/pi-fallback-router/.worktrees/purplelephan-20260413T194324/merge mergeRequestPath=/Users/purplelephant/projects/pi-fallback-router/.pi/merge-request-w1-lane2-purplelephan-20260413T194324.txt)
[orch] merge/orch-purplelephan-merge-2: waiting for merge result (resultPath=/Users/purplelephant/projects/pi-fallback-router/.pi/merge-result-w1-lane2-purplelephan-20260413T194324.json timeoutMs=5400000 backend=v2)
[orch] merge/orch-purplelephan-merge-1: merge agent exited (V2) (exitCode=null durationMs=22083 costUsd=0.0034469999999999995 killed=true)
[orch] merge/orch-purplelephan-merge-2: merge result received (status=SUCCESS elapsed=28017)
[orch] merge/orch-purplelephan-merge-2: merge succeeded (mergeCommit=4ec8494d duration=28s)
[orch] merge/W1: transaction record persisted (file=txn-b20260413T194324-repo-default-wave-1-lane-2.json status=committed)
[orch] merge/orch-purplelephan-merge-3: starting merge for lane 3 (sourceBranch=task/purplelephan-lane-3-20260413T194324 targetBranch=orch/purplelephan-20260413T194324 baseHEAD=1e1ae244 laneHEAD=4573c727)
[orch] merge/orch-purplelephan-merge-3: spawning merge agent via Runtime V2 (direct agent-host) (mergeWorkDir=/Users/purplelephant/projects/pi-fallback-router/.worktrees/purplelephan-20260413T194324/merge mergeRequestPath=/Users/purplelephant/projects/pi-fallback-router/.pi/merge-request-w1-lane3-purplelephan-20260413T194324.txt)
[orch] merge/orch-purplelephan-merge-3: waiting for merge result (resultPath=/Users/purplelephant/projects/pi-fallback-router/.pi/merge-result-w1-lane3-purplelephan-20260413T194324.json timeoutMs=5400000 backend=v2)
[orch] merge/orch-purplelephan-merge-2: merge agent exited (V2) (exitCode=null durationMs=28097 costUsd=0.0038756999999999997 killed=true)
[orch] merge/orch-purplelephan-merge-3: merge result received (status=SUCCESS elapsed=22012)
[orch] merge/orch-purplelephan-merge-3: merge succeeded (mergeCommit=7af15fff duration=22s)
[orch] merge/W1: transaction record persisted (file=txn-b20260413T194324-repo-default-wave-1-lane-3.json status=committed)
[orch] merge/W1: no task artifacts to stage (0 of 12 candidates present/changed, 8 preserved from lane merge)
[orch] merge/W1: updated orch/purplelephan-20260413T194324 ref to merge result (targetBranch=orch/purplelephan-20260413T194324 commit=7af15fff)
[orch] merge/orch-purplelephan-merge-3: merge agent exited (V2) (exitCode=null durationMs=22150 costUsd=0.0037314749999999997 killed=true)
[orch] merge/W1: wave merge complete: succeeded (mergedLanes=3 failedLane=0 duration=73s)
[orch] merge-health/monitor: merge health monitor stopped (sessionCount=0)
[orch] state/20260413T194324: persisted: merge-complete (phase=merging waveIndex=0)
[orch] state/20260413T194324: persisted: merge-complete (phase=executing waveIndex=0)
[orch] batch/history: saved batch summary (1 entries)
[orch] batch/20260413T194324: cleaned up 3 sidecar file(s)
[orch] batch/20260413T194324: cleaning up worktrees
[orch] batch/20260413T194324: worktree cleanup: 3 removed, 0 preserved (repoId=(default))
[orch] batch/20260413T194324: warning: branch task/purplelephan-lane-1-20260413T194324 not fully merged into orch/purplelephan-20260413T194324 — retained (repoId=(default))
[orch] batch/20260413T194324: warning: branch task/purplelephan-lane-2-20260413T194324 not fully merged into orch/purplelephan-20260413T194324 — retained (repoId=(default))
[orch] batch/20260413T194324: warning: branch task/purplelephan-lane-3-20260413T194324 not fully merged into orch/purplelephan-20260413T194324 — retained (repoId=(default))
[orch] state/20260413T194324: persisted: batch-terminal (phase=completed waveIndex=0)
[orch] diagnostics/20260413T194324: emitted diagnostic reports (jsonl=/Users/purplelephant/projects/pi-fallback-router/.pi/diagnostics/purplelephan-20260413T194324-events.jsonl report=/Users/purplelephant/projects/pi-fallback-router/.pi/diagnostics/purplelephan-20260413T194324-report.md taskCount=4)
[orch] state/20260413T194324: state file preserved for /orch-integrate (orchBranch=orch/purplelephan-20260413T194324)
